c:\users\continuum\documents\visual studio 2013\projects\core\core\debug\vc120.pdb
c:\users\continuum\documents\visual studio 2013\projects\core\core\debug\vc120.idb
c:\users\continuum\documents\visual studio 2013\projects\core\core\debug\core.obj
c:\users\continuum\documents\visual studio 2013\projects\core\core\debug\visible.obj
c:\users\continuum\documents\visual studio 2013\projects\core\core\debug\videomanager.obj
c:\users\continuum\documents\visual studio 2013\projects\core\debug\core.pdb
c:\users\continuum\documents\visual studio 2013\projects\core\core\debug\core.tlog\cl.command.1.tlog
c:\users\continuum\documents\visual studio 2013\projects\core\core\debug\core.tlog\cl.read.1.tlog
c:\users\continuum\documents\visual studio 2013\projects\core\core\debug\core.tlog\cl.write.1.tlog
c:\users\continuum\documents\visual studio 2013\projects\core\core\debug\core.tlog\link-cvtres.read.1.tlog
c:\users\continuum\documents\visual studio 2013\projects\core\core\debug\core.tlog\link-cvtres.write.1.tlog
c:\users\continuum\documents\visual studio 2013\projects\core\core\debug\core.tlog\link-rc.read.1.tlog
c:\users\continuum\documents\visual studio 2013\projects\core\core\debug\core.tlog\link-rc.write.1.tlog
c:\users\continuum\documents\visual studio 2013\projects\core\core\debug\core.tlog\link.8656-cvtres.read.1.tlog
c:\users\continuum\documents\visual studio 2013\projects\core\core\debug\core.tlog\link.8656-cvtres.write.1.tlog
c:\users\continuum\documents\visual studio 2013\projects\core\core\debug\core.tlog\link.8656-rc.read.1.tlog
c:\users\continuum\documents\visual studio 2013\projects\core\core\debug\core.tlog\link.8656-rc.write.1.tlog
c:\users\continuum\documents\visual studio 2013\projects\core\core\debug\core.tlog\link.8656.read.1.tlog
c:\users\continuum\documents\visual studio 2013\projects\core\core\debug\core.tlog\link.8656.write.1.tlog
c:\users\continuum\documents\visual studio 2013\projects\core\core\debug\core.tlog\link.command.1.tlog
c:\users\continuum\documents\visual studio 2013\projects\core\core\debug\core.tlog\link.read.1.tlog
c:\users\continuum\documents\visual studio 2013\projects\core\core\debug\core.tlog\link.write.1.tlog
